droidfoot/build/intermediates/manifest_merge_blame_file/release/manifest-merger-blame-release-report.txt
1<?xml version="1.0" encoding="utf-8"?>
2<manifest xmlns:android="http://schemas.android.com/apk/res/android"
3    package="org.droidfoot"
4    android:versionCode="1"
5    android:versionName="1.0" >
6
7    <uses-sdk
7-->src\main\AndroidManifest.xml:7:5-47
8        android:minSdkVersion="16"
8-->src\main\AndroidManifest.xml:7:5-47
9        android:targetSdkVersion="26" />
9-->src\main\AndroidManifest.xml:7:15-44
10
11    <application
11-->src\main\AndroidManifest.xml:9:3-22:19
12        android:allowBackup="true"
12-->src\main\AndroidManifest.xml:10:9-35
13        android:icon="@mipmap/icon_launcher"
13-->src\main\AndroidManifest.xml:11:9-45
14        android:label="@string/app_name"
14-->src\main\AndroidManifest.xml:12:9-41
15        android:theme="@style/AppTheme" >
15-->src\main\AndroidManifest.xml:13:9-40
16        <activity
16-->src\main\AndroidManifest.xml:14:8-17:20
17            android:name="org.droidfoot.HelpActivity"
17-->src\main\AndroidManifest.xml:15:13-54
18            android:label="@string/title_activity_help" >
18-->src\main\AndroidManifest.xml:16:13-56
19        </activity>
20        <activity
20-->src\main\AndroidManifest.xml:18:9-21:20
21            android:name="org.droidfoot.SettingsActivity"
21-->src\main\AndroidManifest.xml:19:13-58
22            android:label="@string/title_activity_settings" >
22-->src\main\AndroidManifest.xml:20:13-60
23        </activity>
24    </application>
25
26</manifest>